{"C:\\Users\\ameen\\OneDrive\\Desktop\\Unit-Testing\\src\\App.jsx": {"path":"C:\\Users\\ameen\\OneDrive\\Desktop\\Unit-Testing\\src\\App.jsx","all":false,"statementMap":{"0":{"start":{"line":1,"column":0},"end":{"line":1,"column":50}},"1":{"start":{"line":2,"column":0},"end":{"line":2,"column":0}},"2":{"start":{"line":3,"column":0},"end":{"line":3,"column":19}},"3":{"start":{"line":4,"column":0},"end":{"line":4,"column":40}},"4":{"start":{"line":5,"column":0},"end":{"line":5,"column":10}},"5":{"start":{"line":6,"column":0},"end":{"line":6,"column":14}},"6":{"start":{"line":7,"column":0},"end":{"line":7,"column":26}},"7":{"start":{"line":8,"column":0},"end":{"line":8,"column":22}},"8":{"start":{"line":9,"column":0},"end":{"line":9,"column":23}},"9":{"start":{"line":10,"column":0},"end":{"line":10,"column":44}},"10":{"start":{"line":11,"column":0},"end":{"line":11,"column":45}},"11":{"start":{"line":12,"column":0},"end":{"line":12,"column":27}},"12":{"start":{"line":13,"column":0},"end":{"line":13,"column":74}},"13":{"start":{"line":14,"column":0},"end":{"line":14,"column":15}},"14":{"start":{"line":15,"column":0},"end":{"line":15,"column":4}},"15":{"start":{"line":16,"column":0},"end":{"line":16,"column":2}},"16":{"start":{"line":17,"column":0},"end":{"line":17,"column":0}},"17":{"start":{"line":18,"column":0},"end":{"line":18,"column":19}}},"s":{"0":1,"1":1,"2":1,"3":2,"4":2,"5":2,"6":2,"7":2,"8":2,"9":2,"10":2,"11":2,"12":2,"13":2,"14":2,"15":2,"16":1,"17":1},"branchMap":{"0":{"type":"branch","line":3,"loc":{"start":{"line":3,"column":12},"end":{"line":16,"column":2}},"locations":[{"start":{"line":3,"column":12},"end":{"line":16,"column":2}}]},"1":{"type":"branch","line":13,"loc":{"start":{"line":13,"column":23},"end":{"line":13,"column":59}},"locations":[{"start":{"line":13,"column":23},"end":{"line":13,"column":59}}]},"2":{"type":"branch","line":13,"loc":{"start":{"line":13,"column":38},"end":{"line":13,"column":56}},"locations":[{"start":{"line":13,"column":38},"end":{"line":13,"column":56}}]}},"b":{"0":[2],"1":[1],"2":[1]},"fnMap":{"0":{"name":"App","decl":{"start":{"line":3,"column":12},"end":{"line":16,"column":2}},"loc":{"start":{"line":3,"column":12},"end":{"line":16,"column":2}},"line":3},"1":{"name":"onClick","decl":{"start":{"line":13,"column":23},"end":{"line":13,"column":59}},"loc":{"start":{"line":13,"column":23},"end":{"line":13,"column":59}},"line":13}},"f":{"0":2,"1":1}}
}
